MPASM 5.87                     NOMBRE8X8.ASM   11-4-2020  17:37:22         PAGE  1


LOC  OBJECT CODE     LINE SOURCE TEXT
  VALUE

                      00001 #include "p16F887.inc"   ; TODO INSERT CONFIG CODE HERE USING CONFIG BITS GENERATOR
                      00001         LIST
                      00002 
                      00003 ;==========================================================================
                      00004 ; Build date : Jan 06 2020
                      00005 ;  MPASM PIC16F887 processor include
                      00006 ; 
                      00007 ;  (c) Copyright 1999-2020 Microchip Technology, All rights reserved
                      00008 ;==========================================================================
                      00009 
                      00810         LIST
2007   2CF4           00002         __CONFIG        _CONFIG1,       _INTRC_OSC_NOCLKOUT & _WDT_OFF & _PWRTE_OFF & _MCLRE_ON & _CP_OF
                            F & _CPD_OFF & _BOR_OFF & _IESO_ON & _FCMEN_ON & _LVP_OFF 
2008   3FFF           00003         __CONFIG        _CONFIG2,       _BOR40V & _WRT_OFF
                      00004 
                      00005 RES_VECT  CODE    0x0000            ; processor reset vector
0000   2???           00006     GOTO    START                   ; go to beginning of program
                      00007 
                      00008 MAIN_PROG CODE                      ; let linker place main program
  00000030            00009 i equ 0x30
  00000031            00010 j equ 0x31
  00000032            00011 k equ 0x32
  00000033            00012 n equ 0x33
  00000034            00013 o equ 0x34
  00000035            00014 p equ 0x35
  00000036            00015 l equ 0x36
  00000037            00016 w equ 0x37
                      00017  
0000                  00018 START
                      00019 
0000   1283 1303      00020     BANKSEL PORTA ;
0002   0185           00021     CLRF PORTA ;Init PORTA
0003   1683 1703      00022     BANKSEL ANSEL ;
Message[302]: Register in operand not in bank 0.  Ensure that bank bits are correct.
0005   0188           00023     CLRF ANSEL ;digital I/O
Message[302]: Register in operand not in bank 0.  Ensure that bank bits are correct.
0006   0189           00024     CLRF ANSELH
0007   1683 1303      00025     BANKSEL TRISA ;
Message[302]: Register in operand not in bank 0.  Ensure that bank bits are correct.
0009   0185           00026     CLRF TRISA
Message[302]: Register in operand not in bank 0.  Ensure that bank bits are correct.
000A   0186           00027     CLRF TRISB
Message[302]: Register in operand not in bank 0.  Ensure that bank bits are correct.
000B   0187           00028     CLRF TRISC
Message[302]: Register in operand not in bank 0.  Ensure that bank bits are correct.
000C   0188           00029     CLRF TRISD
Message[302]: Register in operand not in bank 0.  Ensure that bank bits are correct.
000D   0189           00030     CLRF TRISE
000E   1303           00031     BCF STATUS,RP1
000F   1283           00032     BCF STATUS,RP0
0010   0185           00033     CLRF PORTA
0011   0186           00034     CLRF PORTB
0012   0187           00035     CLRF PORTC
MPASM 5.87                     NOMBRE8X8.ASM   11-4-2020  17:37:22         PAGE  2


LOC  OBJECT CODE     LINE SOURCE TEXT
  VALUE

0013   0188           00036     CLRF PORTD
0014   0189           00037     CLRF PORTE
                      00038     
Warning[207]: Found label after column 1. (inicio)
0015                  00039   inicio
0015   2???           00040     call fune
0016   2???           00041     call seguire
                      00042     
0017   0186           00043     CLRF PORTB
0018   0188           00044     CLRF PORTD
0019   2???           00045     call funz
001A   2???           00046     call seguirz
                      00047     
001B   0186           00048     CLRF PORTB
001C   0188           00049     CLRF PORTD
001D   2???           00050     call funm
001E   2???           00051     call seguirm
                      00052     
001F   2???           00053     goto inicio
                      00054    
Warning[207]: Found label after column 1. (fune)
0020                  00055   fune
0020   2???           00056     call m1
0021   2???           00057     call tiempo
0022   2???           00058     call m2
0023   2???           00059     call tiempo
0024   2???           00060     call m3
0025   2???           00061     call tiempo
0026   2???           00062     call m4
0027   2???           00063     call tiempo
0028   2???           00064     call m5
0029   2???           00065     call tiempo 
002A   2???           00066     call m6 
002B   2???           00067     call tiempo
002C   2???           00068     call m7
002D   2???           00069     call tiempo
002E   2???           00070     call m8
002F   2???           00071     call tiempo
0030   0008           00072     return  
Warning[207]: Found label after column 1. (m1)
0031                  00073     m1
0031   3000           00074     MOVLW   b'00000000'                          
0032   0088           00075     MOVWF   PORTD  
0033   3000           00076     MOVLW   b'00000000'                          
0034   0086           00077     MOVWF   PORTB  
0035   0008           00078     return
Warning[207]: Found label after column 1. (m2)
0036                  00079     m2
0036   3040           00080     MOVLW   b'01000000'                          
0037   0088           00081     MOVWF   PORTD  
0038   3000           00082     MOVLW   b'00000000'                          
0039   0086           00083     MOVWF   PORTB  
003A   0008           00084     return
MPASM 5.87                     NOMBRE8X8.ASM   11-4-2020  17:37:22         PAGE  3


LOC  OBJECT CODE     LINE SOURCE TEXT
  VALUE

Warning[207]: Found label after column 1. (m3)
003B                  00085     m3
003B   3020           00086     MOVLW   b'00100000'                          
003C   0088           00087     MOVWF   PORTD  
003D   3076           00088     MOVLW   b'01110110'                          
003E   0086           00089     MOVWF   PORTB  
003F   0008           00090     return
Warning[207]: Found label after column 1. (m4)
0040                  00091     m4
0040   3010           00092     MOVLW   b'00010000'                          
0041   0088           00093     MOVWF   PORTD  
0042   3076           00094     MOVLW   b'01110110'                          
0043   0086           00095     MOVWF   PORTB 
0044   0008           00096     return
Warning[207]: Found label after column 1. (m5)
0045                  00097     m5
0045   3008           00098     MOVLW   b'00001000'                          
0046   0088           00099     MOVWF   PORTD  
0047   3076           00100     MOVLW   b'01110110'                          
0048   0086           00101     MOVWF   PORTB 
0049   0008           00102     return
Warning[207]: Found label after column 1. (m6)
004A                  00103     m6
004A   3004           00104     MOVLW   b'00000100'                          
004B   0088           00105     MOVWF   PORTD  
004C   307E           00106     MOVLW   b'01111110'                          
004D   0086           00107     MOVWF   PORTB 
004E   0008           00108     return
Warning[207]: Found label after column 1. (m7)
004F                  00109     m7
004F   3002           00110     MOVLW   b'00000010'                          
0050   0088           00111     MOVWF   PORTD  
0051   307E           00112     MOVLW   b'01111110'                          
0052   0086           00113     MOVWF   PORTB 
0053   0008           00114     return
Warning[207]: Found label after column 1. (m8)
0054                  00115     m8
0054   3000           00116     MOVLW   b'00000000'                          
0055   0088           00117     MOVWF   PORTD  
0056   3000           00118     MOVLW   b'00000000'                          
0057   0086           00119     MOVWF   PORTB 
0058   0008           00120     return
                      00121     
0059                  00122 funz
                      00123     
0059   2???           00124     call p1
005A   2???           00125     call tiempo
005B   2???           00126     call p2
005C   2???           00127     call tiempo
005D   2???           00128     call p3
005E   2???           00129     call tiempo
005F   2???           00130     call p4
0060   2???           00131     call tiempo
MPASM 5.87                     NOMBRE8X8.ASM   11-4-2020  17:37:22         PAGE  4


LOC  OBJECT CODE     LINE SOURCE TEXT
  VALUE

0061   2???           00132     call p5
0062   2???           00133     call tiempo 
0063   2???           00134     call p6 
0064   2???           00135     call tiempo
0065   2???           00136     call p7
0066   2???           00137     call tiempo
0067   2???           00138     call p8
0068   2???           00139     call tiempo
0069   0008           00140     return
                      00141     
Warning[207]: Found label after column 1. (p1)
006A                  00142     p1
006A   3000           00143     MOVLW   b'00000000'                          
006B   0088           00144     MOVWF   PORTD  
006C   3000           00145     MOVLW   b'00000000'                          
006D   0086           00146     MOVWF   PORTB  
006E   0008           00147     return
Warning[207]: Found label after column 1. (p2)
006F                  00148     p2
006F   3040           00149     MOVLW   b'01000000'                          
0070   0088           00150     MOVWF   PORTD  
0071   3000           00151     MOVLW   b'00000000'                          
0072   0086           00152     MOVWF   PORTB  
0073   0008           00153     return
Warning[207]: Found label after column 1. (p3)
0074                  00154     p3
0074   3020           00155     MOVLW   b'00100000'                          
0075   0088           00156     MOVWF   PORTD  
0076   30EF           00157     MOVLW   b'11101111'                          
0077   0086           00158     MOVWF   PORTB  
0078   0008           00159     return
Warning[207]: Found label after column 1. (p4)
0079                  00160     p4
0079   3010           00161     MOVLW   b'00010000'                          
007A   0088           00162     MOVWF   PORTD  
007B   30EF           00163     MOVLW   b'11101111'                          
007C   0086           00164     MOVWF   PORTB 
007D   0008           00165     return
Warning[207]: Found label after column 1. (p5)
007E                  00166     p5
007E   3008           00167     MOVLW   b'00001000'                          
007F   0088           00168     MOVWF   PORTD  
0080   30EF           00169     MOVLW   b'11101111'                          
0081   0086           00170     MOVWF   PORTB 
0082   0008           00171     return
Warning[207]: Found label after column 1. (p6)
0083                  00172     p6
0083   3004           00173     MOVLW   b'00000100'                          
0084   0088           00174     MOVWF   PORTD  
0085   30EF           00175     MOVLW   b'11101111'                          
0086   0086           00176     MOVWF   PORTB 
0087   0008           00177     return
Warning[207]: Found label after column 1. (p7)
MPASM 5.87                     NOMBRE8X8.ASM   11-4-2020  17:37:22         PAGE  5


LOC  OBJECT CODE     LINE SOURCE TEXT
  VALUE

0088                  00178     p7
0088   3002           00179     MOVLW   b'00000010'                          
0089   0088           00180     MOVWF   PORTD  
008A   3000           00181     MOVLW   b'00000000'                          
008B   0086           00182     MOVWF   PORTB 
008C   0008           00183     return
Warning[207]: Found label after column 1. (p8)
008D                  00184     p8
008D   3000           00185     MOVLW   b'00000000'                          
008E   0088           00186     MOVWF   PORTD  
008F   3000           00187     MOVLW   b'00000000'                          
0090   0086           00188     MOVWF   PORTB 
0091   0008           00189     return
                      00190     
Warning[207]: Found label after column 1. (funm)
0092                  00191     funm
0092   2???           00192     call h1
0093   2???           00193     call tiempo
0094   2???           00194     call h2
0095   2???           00195     call tiempo
0096   2???           00196     call h3
0097   2???           00197     call tiempo
0098   2???           00198     call h4
0099   2???           00199     call tiempo
009A   2???           00200     call h5
009B   2???           00201     call tiempo 
009C   2???           00202     call h6 
009D   2???           00203     call tiempo
009E   2???           00204     call h7
009F   2???           00205     call tiempo
00A0   2???           00206     call h8
00A1   2???           00207     call tiempo
00A2   0008           00208     return
                      00209     
Warning[207]: Found label after column 1. (h1)
00A3                  00210     h1
00A3   3000           00211     MOVLW   b'00000000'                          
00A4   0088           00212     MOVWF   PORTD  
00A5   3000           00213     MOVLW   b'00000000'                          
00A6   0086           00214     MOVWF   PORTB  
00A7   0008           00215     return
Warning[207]: Found label after column 1. (h2)
00A8                  00216     h2
00A8   3040           00217     MOVLW   b'01000000'                          
00A9   0088           00218     MOVWF   PORTD  
00AA   3000           00219     MOVLW   b'00000000'                          
00AB   0086           00220     MOVWF   PORTB  
00AC   0008           00221     return
Warning[207]: Found label after column 1. (h3)
00AD                  00222     h3
00AD   3020           00223     MOVLW   b'00100000'                          
00AE   0088           00224     MOVWF   PORTD  
00AF   30BF           00225     MOVLW   b'10111111'                          
MPASM 5.87                     NOMBRE8X8.ASM   11-4-2020  17:37:22         PAGE  6


LOC  OBJECT CODE     LINE SOURCE TEXT
  VALUE

00B0   0086           00226     MOVWF   PORTB  
00B1   0008           00227     return
Warning[207]: Found label after column 1. (h4)
00B2                  00228     h4
00B2   3010           00229     MOVLW   b'00010000'                          
00B3   0088           00230     MOVWF   PORTD  
00B4   30DF           00231     MOVLW   b'11011111'                          
00B5   0086           00232     MOVWF   PORTB 
00B6   0008           00233     return
Warning[207]: Found label after column 1. (h5)
00B7                  00234     h5
00B7   3008           00235     MOVLW   b'00001000'                          
00B8   0088           00236     MOVWF   PORTD  
00B9   30BF           00237     MOVLW   b'10111111'                          
00BA   0086           00238     MOVWF   PORTB 
00BB   0008           00239     return
Warning[207]: Found label after column 1. (h6)
00BC                  00240     h6
00BC   3004           00241     MOVLW   b'00000100'                          
00BD   0088           00242     MOVWF   PORTD  
00BE   3000           00243     MOVLW   b'00000000'                          
00BF   0086           00244     MOVWF   PORTB 
00C0   0008           00245     return
Warning[207]: Found label after column 1. (h7)
00C1                  00246     h7
00C1   3000           00247     MOVLW   b'00000000'                          
00C2   0088           00248     MOVWF   PORTD  
00C3   3000           00249     MOVLW   b'00000000'                          
00C4   0086           00250     MOVWF   PORTB 
00C5   0008           00251     return
Warning[207]: Found label after column 1. (h8)
00C6                  00252     h8
00C6   3000           00253     MOVLW   b'00000000'                          
00C7   0088           00254     MOVWF   PORTD  
00C8   3000           00255     MOVLW   b'00000000'                          
00C9   0086           00256     MOVWF   PORTB 
00CA   0008           00257     return
                      00258     
00CB                  00259 seguire
00CB   300A           00260     MOVLW d'10'
00CC   00B3           00261     MOVWF n
00CD   0000           00262     nop
00CE   0000           00263     nop
00CF   0000           00264     nop
00D0   0000           00265     nop
00D1   0000           00266     nop
00D2   0000           00267     nop
Warning[207]: Found label after column 1. (loopom)
00D3   300A           00268   loopom: MOVLW d'10' 
00D4   00B4           00269     MOVWF o
00D5   0000           00270       nop
00D6   0000           00271       nop
00D7   0000           00272       nop
MPASM 5.87                     NOMBRE8X8.ASM   11-4-2020  17:37:22         PAGE  7


LOC  OBJECT CODE     LINE SOURCE TEXT
  VALUE

00D8   0000           00273       nop
00D9   0000           00274       nop
00DA   0000           00275       nop
00DB   0000           00276       nop
Warning[207]: Found label after column 1. (loopm)
00DC   3000           00277   loopm: MOVLW d'0'
00DD   00B5           00278     MOVWF p
Message[305]: Using default destination of 1 (file).
00DE   0BB5           00279     DECFSZ p
00DF   2???           00280     GOTO $-1
00E0   2???           00281     call fune
Message[305]: Using default destination of 1 (file).
00E1   0BB4           00282     DECFSZ o
00E2   2???           00283     GOTO loopm
Message[305]: Using default destination of 1 (file).
00E3   0BB3           00284     DECFSZ n
00E4   2???           00285     GOTO loopom
00E5   0008           00286     return
                      00287     
00E6                  00288 seguirz
00E6   300A           00289     MOVLW d'10'
00E7   00B3           00290     MOVWF n
00E8   0000           00291     nop
00E9   0000           00292     nop
00EA   0000           00293     nop
00EB   0000           00294     nop
00EC   0000           00295     nop
00ED   0000           00296     nop
Warning[207]: Found label after column 1. (loopop)
00EE   300A           00297   loopop: MOVLW d'10' 
00EF   00B4           00298     MOVWF o
00F0   0000           00299       nop
00F1   0000           00300       nop
00F2   0000           00301       nop
00F3   0000           00302       nop
00F4   0000           00303       nop
00F5   0000           00304       nop
00F6   0000           00305       nop
Warning[207]: Found label after column 1. (looppp)
00F7   3000           00306   looppp: MOVLW d'0'
00F8   00B5           00307     MOVWF p
Message[305]: Using default destination of 1 (file).
00F9   0BB5           00308     DECFSZ p
00FA   2???           00309     GOTO $-1
00FB   2???           00310     call funz
Message[305]: Using default destination of 1 (file).
00FC   0BB4           00311     DECFSZ o
00FD   2???           00312     GOTO looppp
Message[305]: Using default destination of 1 (file).
00FE   0BB3           00313     DECFSZ n
00FF   2???           00314     GOTO loopop
0100   0008           00315     return
                      00316     
MPASM 5.87                     NOMBRE8X8.ASM   11-4-2020  17:37:22         PAGE  8


LOC  OBJECT CODE     LINE SOURCE TEXT
  VALUE

0101                  00317 seguirm
0101   300A           00318     MOVLW d'10'
0102   00B3           00319     MOVWF n
0103   0000           00320     nop
0104   0000           00321     nop
0105   0000           00322     nop
0106   0000           00323     nop
0107   0000           00324     nop
0108   0000           00325     nop
Warning[207]: Found label after column 1. (loopoh)
0109   300A           00326   loopoh: MOVLW d'10' 
010A   00B4           00327     MOVWF o
010B   0000           00328       nop
010C   0000           00329       nop
010D   0000           00330       nop
010E   0000           00331       nop
010F   0000           00332       nop
0110   0000           00333       nop
0111   0000           00334       nop
Warning[207]: Found label after column 1. (looph)
0112   3000           00335   looph: MOVLW d'0'
0113   00B5           00336     MOVWF p
Message[305]: Using default destination of 1 (file).
0114   0BB5           00337     DECFSZ p
0115   2???           00338     GOTO $-1
0116   2???           00339     call funm
Message[305]: Using default destination of 1 (file).
0117   0BB4           00340     DECFSZ o
0118   2???           00341     GOTO looph
Message[305]: Using default destination of 1 (file).
0119   0BB3           00342     DECFSZ n
011A   2???           00343     GOTO loopoh
011B   0008           00344     return
                      00345     
011C                  00346 tiempo2    
011C   3036           00347  MOVLW d'54'
011D   00B3           00348     MOVWF n
011E   0000           00349     nop
011F   0000           00350     nop
0120   0000           00351     nop
0121   0000           00352     nop
0122   0000           00353     nop
0123   0000           00354     nop
Warning[207]: Found label after column 1. (loopo)
0124   3044           00355   loopo: MOVLW d'68' 
0125   00B4           00356     MOVWF o
0126   0000           00357       nop
0127   0000           00358       nop
0128   0000           00359       nop
0129   0000           00360       nop
012A   0000           00361       nop
012B   0000           00362       nop
012C   0000           00363       nop
MPASM 5.87                     NOMBRE8X8.ASM   11-4-2020  17:37:22         PAGE  9


LOC  OBJECT CODE     LINE SOURCE TEXT
  VALUE

Warning[207]: Found label after column 1. (loopp)
012D   302C           00364   loopp: MOVLW d'44'
012E   00B5           00365     MOVWF p
Message[305]: Using default destination of 1 (file).
012F   0BB5           00366     DECFSZ p
0130   2???           00367     GOTO $-1
Message[305]: Using default destination of 1 (file).
0131   0BB4           00368     DECFSZ o
0132   2???           00369     GOTO loopp
Message[305]: Using default destination of 1 (file).
0133   0BB3           00370     DECFSZ n
0134   2???           00371     GOTO loopo
0135   0008           00372     return
                      00373   
                      00374     
0136                  00375 tiempo
0136   3005           00376     MOVLW d'5'
0137   00B0           00377     MOVWF i
0138   3005           00378 loopj:    MOVLW d'5'
0139   00B1           00379     MOVWF j
013A   3005           00380 loopk:    MOVLW d'5'
013B   0000           00381     nop
013C   00B2           00382     MOVWF k
Message[305]: Using default destination of 1 (file).
013D   0BB2           00383     DECFSZ k
013E   2???           00384     GOTO $-1
Message[305]: Using default destination of 1 (file).
013F   0BB1           00385     DECFSZ j
0140   2???           00386     GOTO loopk
Message[305]: Using default destination of 1 (file).
0141   0BB0           00387     DECFSZ i
0142   2???           00388     GOTO loopj
0143   0008           00389     RETURn  
                      00390     
Warning[205]: Found directive in column 1. (END)
2CF4 3FFF             00391 END
MPASM 5.87                     NOMBRE8X8.ASM   11-4-2020  17:37:22         PAGE 10


SYMBOL TABLE
  LABEL                             VALUE 

ABDEN                             00000000
ABDOVF                            00000007
ACKDT                             00000005
ACKEN                             00000004
ACKSTAT                           00000006
ADCON0                            0000001F
ADCON1                            0000009F
ADCS0                             00000006
ADCS1                             00000007
ADDEN                             00000003
ADFM                              00000007
ADIE                              00000006
ADIF                              00000006
ADON                              00000000
ADRESH                            0000001E
ADRESL                            0000009E
ANS0                              00000000
ANS1                              00000001
ANS10                             00000002
ANS11                             00000003
ANS12                             00000004
ANS13                             00000005
ANS2                              00000002
ANS3                              00000003
ANS4                              00000004
ANS5                              00000005
ANS6                              00000006
ANS7                              00000007
ANS8                              00000000
ANS9                              00000001
ANSEL                             00000188
ANSELH                            00000189
BAUDCTL                           00000187
BCLIE                             00000003
BCLIF                             00000003
BF                                00000000
BRG0                              00000000
BRG1                              00000001
BRG10                             00000002
BRG11                             00000003
BRG12                             00000004
BRG13                             00000005
BRG14                             00000006
BRG15                             00000007
BRG16                             00000003
BRG2                              00000002
BRG3                              00000003
BRG4                              00000004
BRG5                              00000005
BRG6                              00000006
BRG7                              00000007
BRG8                              00000000
BRG9                              00000001
MPASM 5.87                     NOMBRE8X8.ASM   11-4-2020  17:37:22         PAGE 11


SYMBOL TABLE
  LABEL                             VALUE 

BRGH                              00000002
C                                 00000000
C1CH0                             00000000
C1CH1                             00000001
C1IE                              00000005
C1IF                              00000005
C1OE                              00000005
C1ON                              00000007
C1OUT                             00000006
C1POL                             00000004
C1R                               00000002
C1RSEL                            00000005
C1SEN                             00000005
C2CH0                             00000000
C2CH1                             00000001
C2IE                              00000006
C2IF                              00000006
C2OE                              00000005
C2ON                              00000007
C2OUT                             00000006
C2POL                             00000004
C2R                               00000002
C2REN                             00000004
C2RSEL                            00000004
C2SYNC                            00000000
CCP1CON                           00000017
CCP1IE                            00000002
CCP1IF                            00000002
CCP1M0                            00000000
CCP1M1                            00000001
CCP1M2                            00000002
CCP1M3                            00000003
CCP1X                             00000005
CCP1Y                             00000004
CCP2CON                           0000001D
CCP2IE                            00000000
CCP2IF                            00000000
CCP2M0                            00000000
CCP2M1                            00000001
CCP2M2                            00000002
CCP2M3                            00000003
CCP2X                             00000005
CCP2Y                             00000004
CCPR1                             00000015
CCPR1H                            00000016
CCPR1L                            00000015
CCPR2                             0000001B
CCPR2H                            0000001C
CCPR2L                            0000001B
CHS0                              00000002
CHS1                              00000003
CHS2                              00000004
CHS3                              00000005
MPASM 5.87                     NOMBRE8X8.ASM   11-4-2020  17:37:22         PAGE 12


SYMBOL TABLE
  LABEL                             VALUE 

CKE                               00000006
CKP                               00000004
CM1CON0                           00000107
CM2CON0                           00000108
CM2CON1                           00000109
CREN                              00000004
CSRC                              00000007
D                                 00000005
DATA_ADDRESS                      00000005
DC                                00000001
DC1B0                             00000004
DC1B1                             00000005
DC2B0                             00000004
DC2B1                             00000005
D_A                               00000005
D_NOT_A                           00000005
ECCPAS                            0000009C
ECCPAS0                           00000004
ECCPAS1                           00000005
ECCPAS2                           00000006
ECCPASE                           00000007
EEADR                             0000010D
EEADRH                            0000010F
EECON1                            0000018C
EECON2                            0000018D
EEDAT                             0000010C
EEDATA                            0000010C
EEDATH                            0000010E
EEIE                              00000004
EEIF                              00000004
EEPGD                             00000007
F                                 00000001
FERR                              00000002
FSR                               00000004
FVREN                             00000000
GCEN                              00000007
GIE                               00000007
GO                                00000001
GO_DONE                           00000001
GO_NOT_DONE                       00000001
HTS                               00000002
I2C_DATA                          00000005
I2C_READ                          00000002
I2C_START                         00000003
I2C_STOP                          00000004
INDF                              00000000
INTCON                            0000000B
INTE                              00000004
INTEDG                            00000006
INTF                              00000001
IOCB                              00000096
IOCB0                             00000000
IOCB1                             00000001
MPASM 5.87                     NOMBRE8X8.ASM   11-4-2020  17:37:22         PAGE 13


SYMBOL TABLE
  LABEL                             VALUE 

IOCB2                             00000002
IOCB3                             00000003
IOCB4                             00000004
IOCB5                             00000005
IOCB6                             00000006
IOCB7                             00000007
IRCF0                             00000004
IRCF1                             00000005
IRCF2                             00000006
IRP                               00000007
LTS                               00000001
MC1OUT                            00000007
MC2OUT                            00000006
MSK                               00000093
MSK0                              00000000
MSK1                              00000001
MSK2                              00000002
MSK3                              00000003
MSK4                              00000004
MSK5                              00000005
MSK6                              00000006
MSK7                              00000007
NOT_A                             00000005
NOT_ADDRESS                       00000005
NOT_BO                            00000000
NOT_BOR                           00000000
NOT_DONE                          00000001
NOT_PD                            00000003
NOT_POR                           00000001
NOT_RBPU                          00000007
NOT_RC8                           00000006
NOT_T1SYNC                        00000002
NOT_TO                            00000004
NOT_TX8                           00000006
NOT_W                             00000002
NOT_WRITE                         00000002
OERR                              00000001
OPTION_REG                        00000081
OSCCON                            0000008F
OSCTUNE                           00000090
OSFIE                             00000007
OSFIF                             00000007
OSTS                              00000003
P                                 00000004
P1M0                              00000006
P1M1                              00000007
PCL                               00000002
PCLATH                            0000000A
PCON                              0000008E
PDC0                              00000000
PDC1                              00000001
PDC2                              00000002
PDC3                              00000003
MPASM 5.87                     NOMBRE8X8.ASM   11-4-2020  17:37:22         PAGE 14


SYMBOL TABLE
  LABEL                             VALUE 

PDC4                              00000004
PDC5                              00000005
PDC6                              00000006
PEIE                              00000006
PEN                               00000002
PIE1                              0000008C
PIE2                              0000008D
PIR1                              0000000C
PIR2                              0000000D
PORTA                             00000005
PORTB                             00000006
PORTC                             00000007
PORTD                             00000008
PORTE                             00000009
PR2                               00000092
PRSEN                             00000007
PS0                               00000000
PS1                               00000001
PS2                               00000002
PSA                               00000003
PSSAC0                            00000002
PSSAC1                            00000003
PSSBD0                            00000000
PSSBD1                            00000001
PSTRCON                           0000009D
PULSR                             00000002
PULSS                             00000003
PWM1CON                           0000009B
R                                 00000002
RA0                               00000000
RA1                               00000001
RA2                               00000002
RA3                               00000003
RA4                               00000004
RA5                               00000005
RA6                               00000006
RA7                               00000007
RB0                               00000000
RB1                               00000001
RB2                               00000002
RB3                               00000003
RB4                               00000004
RB5                               00000005
RB6                               00000006
RB7                               00000007
RBIE                              00000003
RBIF                              00000000
RC0                               00000000
RC1                               00000001
RC2                               00000002
RC3                               00000003
RC4                               00000004
RC5                               00000005
MPASM 5.87                     NOMBRE8X8.ASM   11-4-2020  17:37:22         PAGE 15


SYMBOL TABLE
  LABEL                             VALUE 

RC6                               00000006
RC7                               00000007
RC8_9                             00000006
RC9                               00000006
RCD8                              00000000
RCEN                              00000003
RCIDL                             00000006
RCIE                              00000005
RCIF                              00000005
RCREG                             0000001A
RCSTA                             00000018
RD                                00000000
RD0                               00000000
RD1                               00000001
RD2                               00000002
RD3                               00000003
RD4                               00000004
RD5                               00000005
RD6                               00000006
RD7                               00000007
RE0                               00000000
RE1                               00000001
RE2                               00000002
RE3                               00000003
READ_WRITE                        00000002
RP0                               00000005
RP1                               00000006
RSEN                              00000001
RX9                               00000006
RX9D                              00000000
R_NOT_W                           00000002
R_W                               00000002
S                                 00000003
SBOREN                            00000004
SCKP                              00000004
SCS                               00000000
SEN                               00000000
SENDB                             00000003
SMP                               00000007
SPBRG                             00000099
SPBRGH                            0000009A
SPEN                              00000007
SR0                               00000006
SR1                               00000007
SRCON                             00000185
SREN                              00000005
SSPADD                            00000093
SSPBUF                            00000013
SSPCON                            00000014
SSPCON2                           00000091
SSPEN                             00000005
SSPIE                             00000003
SSPIF                             00000003
MPASM 5.87                     NOMBRE8X8.ASM   11-4-2020  17:37:22         PAGE 16


SYMBOL TABLE
  LABEL                             VALUE 

SSPM0                             00000000
SSPM1                             00000001
SSPM2                             00000002
SSPM3                             00000003
SSPMSK                            00000093
SSPOV                             00000006
SSPSTAT                           00000094
START                             00000000
STATUS                            00000003
STRA                              00000000
STRB                              00000001
STRC                              00000002
STRD                              00000003
STRSYNC                           00000004
SWDTEN                            00000000
SYNC                              00000004
T0CS                              00000005
T0IE                              00000005
T0IF                              00000002
T0SE                              00000004
T1CKPS0                           00000004
T1CKPS1                           00000005
T1CON                             00000010
T1GINV                            00000007
T1GIV                             00000007
T1GSS                             00000001
T1INSYNC                          00000002
T1OSCEN                           00000003
T1SYNC                            00000002
T2CKPS0                           00000000
T2CKPS1                           00000001
T2CON                             00000012
TMR0                              00000001
TMR0IE                            00000005
TMR0IF                            00000002
TMR1                              0000000E
TMR1CS                            00000001
TMR1GE                            00000006
TMR1H                             0000000F
TMR1IE                            00000000
TMR1IF                            00000000
TMR1L                             0000000E
TMR1ON                            00000000
TMR2                              00000011
TMR2IE                            00000001
TMR2IF                            00000001
TMR2ON                            00000002
TOUTPS0                           00000003
TOUTPS1                           00000004
TOUTPS2                           00000005
TOUTPS3                           00000006
TRISA                             00000085
TRISA0                            00000000
MPASM 5.87                     NOMBRE8X8.ASM   11-4-2020  17:37:22         PAGE 17


SYMBOL TABLE
  LABEL                             VALUE 

TRISA1                            00000001
TRISA2                            00000002
TRISA3                            00000003
TRISA4                            00000004
TRISA5                            00000005
TRISA6                            00000006
TRISA7                            00000007
TRISB                             00000086
TRISB0                            00000000
TRISB1                            00000001
TRISB2                            00000002
TRISB3                            00000003
TRISB4                            00000004
TRISB5                            00000005
TRISB6                            00000006
TRISB7                            00000007
TRISC                             00000087
TRISC0                            00000000
TRISC1                            00000001
TRISC2                            00000002
TRISC3                            00000003
TRISC4                            00000004
TRISC5                            00000005
TRISC6                            00000006
TRISC7                            00000007
TRISD                             00000088
TRISD0                            00000000
TRISD1                            00000001
TRISD2                            00000002
TRISD3                            00000003
TRISD4                            00000004
TRISD5                            00000005
TRISD6                            00000006
TRISD7                            00000007
TRISE                             00000089
TRISE0                            00000000
TRISE1                            00000001
TRISE2                            00000002
TRISE3                            00000003
TRMT                              00000001
TUN0                              00000000
TUN1                              00000001
TUN2                              00000002
TUN3                              00000003
TUN4                              00000004
TX8_9                             00000006
TX9                               00000006
TX9D                              00000000
TXD8                              00000000
TXEN                              00000005
TXIE                              00000004
TXIF                              00000004
TXREG                             00000019
MPASM 5.87                     NOMBRE8X8.ASM   11-4-2020  17:37:22         PAGE 18


SYMBOL TABLE
  LABEL                             VALUE 

TXSTA                             00000098
UA                                00000001
ULPWUE                            00000005
ULPWUIE                           00000002
ULPWUIF                           00000002
VCFG0                             00000004
VCFG1                             00000005
VR0                               00000000
VR1                               00000001
VR2                               00000002
VR3                               00000003
VRCON                             00000097
VREN                              00000007
VROE                              00000006
VRR                               00000005
VRSS                              00000004
W                                 00000000
WCOL                              00000007
WDTCON                            00000105
WDTPS0                            00000001
WDTPS1                            00000002
WDTPS2                            00000003
WDTPS3                            00000004
WPUB                              00000095
WPUB0                             00000000
WPUB1                             00000001
WPUB2                             00000002
WPUB3                             00000003
WPUB4                             00000004
WPUB5                             00000005
WPUB6                             00000006
WPUB7                             00000007
WR                                00000001
WREN                              00000002
WRERR                             00000003
WUE                               00000001
Z                                 00000002
_BOR21V                           00003EFF
_BOR40V                           00003FFF
_BOR4V_BOR21V                     00003EFF
_BOR4V_BOR40V                     00003FFF
_BOREN_NSLEEP                     00003EFF
_BOREN_OFF                        00003CFF
_BOREN_ON                         00003FFF
_BOREN_SBODEN                     00003DFF
_BOR_NSLEEP                       00003EFF
_BOR_OFF                          00003CFF
_BOR_ON                           00003FFF
_BOR_SBODEN                       00003DFF
_CONFIG1                          00002007
_CONFIG2                          00002008
_CPD_OFF                          00003FFF
_CPD_ON                           00003F7F
MPASM 5.87                     NOMBRE8X8.ASM   11-4-2020  17:37:22         PAGE 19


SYMBOL TABLE
  LABEL                             VALUE 

_CP_OFF                           00003FFF
_CP_ON                            00003FBF
_DEBUG_OFF                        00003FFF
_DEBUG_ON                         00001FFF
_DEVID1                           00002006
_EC_OSC                           00003FFB
_EXTRC                            00003FFF
_EXTRCIO                          00003FFE
_EXTRC_OSC_CLKOUT                 00003FFF
_EXTRC_OSC_NOCLKOUT               00003FFE
_FCMEN_OFF                        000037FF
_FCMEN_ON                         00003FFF
_FOSC_EC                          00003FFB
_FOSC_EXTRC_CLKOUT                00003FFF
_FOSC_EXTRC_NOCLKOUT              00003FFE
_FOSC_HS                          00003FFA
_FOSC_INTRC_CLKOUT                00003FFD
_FOSC_INTRC_NOCLKOUT              00003FFC
_FOSC_LP                          00003FF8
_FOSC_XT                          00003FF9
_HS_OSC                           00003FFA
_IDLOC0                           00002000
_IDLOC1                           00002001
_IDLOC2                           00002002
_IDLOC3                           00002003
_IESO_OFF                         00003BFF
_IESO_ON                          00003FFF
_INTOSC                           00003FFD
_INTOSCIO                         00003FFC
_INTRC_OSC_CLKOUT                 00003FFD
_INTRC_OSC_NOCLKOUT               00003FFC
_LP_OSC                           00003FF8
_LVP_OFF                          00002FFF
_LVP_ON                           00003FFF
_MAIN_PROG_00DF                   000000DF
_MAIN_PROG_00FA                   000000FA
_MAIN_PROG_0115                   00000115
_MAIN_PROG_0130                   00000130
_MAIN_PROG_013E                   0000013E
_MCLRE_OFF                        00003FDF
_MCLRE_ON                         00003FFF
_PWRTE_OFF                        00003FFF
_PWRTE_ON                         00003FEF
_WDTE_OFF                         00003FF7
_WDTE_ON                          00003FFF
_WDT_OFF                          00003FF7
_WDT_ON                           00003FFF
_WRT_1FOURTH                      00003BFF
_WRT_256                          00003DFF
_WRT_HALF                         000039FF
_WRT_OFF                          00003FFF
_XT_OSC                           00003FF9
__16F887                          00000001
MPASM 5.87                     NOMBRE8X8.ASM   11-4-2020  17:37:22         PAGE 20


SYMBOL TABLE
  LABEL                             VALUE 

fune                              00000020
funm                              00000092
funz                              00000059
h1                                000000A3
h2                                000000A8
h3                                000000AD
h4                                000000B2
h5                                000000B7
h6                                000000BC
h7                                000000C1
h8                                000000C6
i                                 00000030
inicio                            00000015
j                                 00000031
k                                 00000032
l                                 00000036
looph                             00000112
loopj                             00000138
loopk                             0000013A
loopm                             000000DC
loopo                             00000124
loopoh                            00000109
loopom                            000000D3
loopop                            000000EE
loopp                             0000012D
looppp                            000000F7
m1                                00000031
m2                                00000036
m3                                0000003B
m4                                00000040
m5                                00000045
m6                                0000004A
m7                                0000004F
m8                                00000054
n                                 00000033
o                                 00000034
p                                 00000035
p1                                0000006A
p2                                0000006F
p3                                00000074
p4                                00000079
p5                                0000007E
p6                                00000083
p7                                00000088
p8                                0000008D
seguire                           000000CB
seguirm                           00000101
seguirz                           000000E6
tiempo                            00000136
tiempo2                           0000011C
w                                 00000037

MPASM 5.87                     NOMBRE8X8.ASM   11-4-2020  17:37:22         PAGE 21





Errors   :     0
Warnings :    36 reported,     0 suppressed
Messages :    22 reported,     0 suppressed

